# JRE version: Java(TM) SE Runtime Environment (8.0_25-b18) (build 1.8.0_25-b18)
# Java VM: Java HotSpot(TM) 64-Bit Server VM (25.25-b02 mixed mode windows-amd64 compressed oops)
Heap:
 PSYoungGen      total 48128K, used 10989K [0x00000007bc400000, 0x00000007c0000000, 0x00000007c0000000)
  eden space 35840K, 3% used [0x00000007bc400000,0x00000007bc54c010,0x00000007be700000)
  from space 12288K, 78% used [0x00000007bf400000,0x00000007bfd6f688,0x00000007c0000000)
  to   space 12800K, 0% used [0x00000007be700000,0x00000007be700000,0x00000007bf380000)
 ParOldGen       total 82944K, used 75146K [0x0000000700000000, 0x0000000705100000, 0x00000007bc400000)
  object space 82944K, 90% used [0x0000000700000000,0x0000000704962aa8,0x0000000705100000)
 Metaspace       used 56420K, capacity 56737K, committed 57472K, reserved 1097728K
  class space    used 8114K, capacity 8195K, committed 8320K, reserved 1048576K
GC Heap History (10 events):
Event: 1332.168 GC heap before
{Heap before GC invocations=103 (full 5):
 PSYoungGen      total 51200K, used 48881K [0x00000007bc400000, 0x00000007c0000000, 0x00000007c0000000)
  eden space 40960K, 100% used [0x00000007bc400000,0x00000007bec00000,0x00000007bec00000)
  from space 10240K, 77% used [0x00000007bec00000,0x00000007bf3bc6a0,0x00000007bf600000)
  to   space 10240K, 0% used [0x00000007bf600000,0x00000007bf600000,0x00000007c0000000)
 ParOldGen       total 82944K, used 74501K [0x0000000700000000, 0x0000000705100000, 0x00000007bc400000)
  object space 82944K, 89% used [0x0000000700000000,0x00000007048c14d0,0x0000000705100000)
 Metaspace       used 55885K, capacity 56229K, committed 56832K, reserved 1097728K
  class space    used 8053K, capacity 8151K, committed 8192K, reserved 1048576K
Event: 1332.177 GC heap after
Heap after GC invocations=103 (full 5):
 PSYoungGen      total 50176K, used 7771K [0x00000007bc400000, 0x00000007c0000000, 0x00000007c0000000)
  eden space 39936K, 0% used [0x00000007bc400000,0x00000007bc400000,0x00000007beb00000)
  from space 10240K, 75% used [0x00000007bf600000,0x00000007bfd96e48,0x00000007c0000000)
  to   space 10752K, 0% used [0x00000007beb00000,0x00000007beb00000,0x00000007bf580000)
 ParOldGen       total 82944K, used 74509K [0x0000000700000000, 0x0000000705100000, 0x00000007bc400000)
  object space 82944K, 89% used [0x0000000700000000,0x00000007048c34d0,0x0000000705100000)
 Metaspace       used 55885K, capacity 56229K, committed 56832K, reserved 1097728K
  class space    used 8053K, capacity 8151K, committed 8192K, reserved 1048576K
}
Event: 1345.912 GC heap before
{Heap before GC invocations=104 (full 5):
 PSYoungGen      total 50176K, used 47707K [0x00000007bc400000, 0x00000007c0000000, 0x00000007c0000000)
  eden space 39936K, 100% used [0x00000007bc400000,0x00000007beb00000,0x00000007beb00000)
  from space 10240K, 75% used [0x00000007bf600000,0x00000007bfd96e48,0x00000007c0000000)
  to   space 10752K, 0% used [0x00000007beb00000,0x00000007beb00000,0x00000007bf580000)
 ParOldGen       total 82944K, used 74509K [0x0000000700000000, 0x0000000705100000, 0x00000007bc400000)
  object space 82944K, 89% used [0x0000000700000000,0x00000007048c34d0,0x0000000705100000)
 Metaspace       used 56095K, capacity 56481K, committed 57216K, reserved 1097728K
  class space    used 8103K, capacity 8195K, committed 8320K, reserved 1048576K
Event: 1345.923 GC heap after
Heap after GC invocations=104 (full 5):
 PSYoungGen      total 49152K, used 9247K [0x00000007bc400000, 0x00000007c0000000, 0x00000007c0000000)
  eden space 39424K, 0% used [0x00000007bc400000,0x00000007bc400000,0x00000007bea80000)
  from space 9728K, 95% used [0x00000007beb00000,0x00000007bf407d80,0x00000007bf480000)
  to   space 11264K, 0% used [0x00000007bf500000,0x00000007bf500000,0x00000007c0000000)
 ParOldGen       total 82944K, used 74525K [0x0000000700000000, 0x0000000705100000, 0x00000007bc400000)
  object space 82944K, 89% used [0x0000000700000000,0x00000007048c74d0,0x0000000705100000)
 Metaspace       used 56095K, capacity 56481K, committed 57216K, reserved 1097728K
  class space    used 8103K, capacity 8195K, committed 8320K, reserved 1048576K
}
Event: 1602.502 GC heap before
{Heap before GC invocations=105 (full 5):
 PSYoungGen      total 49152K, used 48671K [0x00000007bc400000, 0x00000007c0000000, 0x00000007c0000000)
  eden space 39424K, 100% used [0x00000007bc400000,0x00000007bea80000,0x00000007bea80000)
  from space 9728K, 95% used [0x00000007beb00000,0x00000007bf407d80,0x00000007bf480000)
  to   space 11264K, 0% used [0x00000007bf500000,0x00000007bf500000,0x00000007c0000000)
 ParOldGen       total 82944K, used 74525K [0x0000000700000000, 0x0000000705100000, 0x00000007bc400000)
  object space 82944K, 89% used [0x0000000700000000,0x00000007048c74d0,0x0000000705100000)
 Metaspace       used 56233K, capacity 56609K, committed 57216K, reserved 1097728K
  class space    used 8104K, capacity 8195K, committed 8320K, reserved 1048576K
Event: 1602.528 GC heap after
Heap after GC invocations=105 (full 5):
 PSYoungGen      total 49152K, used 10333K [0x00000007bc400000, 0x00000007c0000000, 0x00000007c0000000)
  eden space 37888K, 0% used [0x00000007bc400000,0x00000007bc400000,0x00000007be900000)
  from space 11264K, 91% used [0x00000007bf500000,0x00000007bff17710,0x00000007c0000000)
  to   space 11776K, 0% used [0x00000007be900000,0x00000007be900000,0x00000007bf480000)
 ParOldGen       total 82944K, used 74525K [0x0000000700000000, 0x0000000705100000, 0x00000007bc400000)
  object space 82944K, 89% used [0x0000000700000000,0x00000007048c74d0,0x0000000705100000)
 Metaspace       used 56233K, capacity 56609K, committed 57216K, reserved 1097728K
  class space    used 8104K, capacity 8195K, committed 8320K, reserved 1048576K
}
Event: 1714.006 GC heap before
{Heap before GC invocations=106 (full 5):
 PSYoungGen      total 49152K, used 48221K [0x00000007bc400000, 0x00000007c0000000, 0x00000007c0000000)
  eden space 37888K, 100% used [0x00000007bc400000,0x00000007be900000,0x00000007be900000)
  from space 11264K, 91% used [0x00000007bf500000,0x00000007bff17710,0x00000007c0000000)
  to   space 11776K, 0% used [0x00000007be900000,0x00000007be900000,0x00000007bf480000)
 ParOldGen       total 82944K, used 74525K [0x0000000700000000, 0x0000000705100000, 0x00000007bc400000)
  object space 82944K, 89% used [0x0000000700000000,0x00000007048c74d0,0x0000000705100000)
 Metaspace       used 56257K, capacity 56609K, committed 57216K, reserved 1097728K
  class space    used 8104K, capacity 8195K, committed 8320K, reserved 1048576K
Event: 1714.022 GC heap after
Heap after GC invocations=106 (full 5):
 PSYoungGen      total 47616K, used 9803K [0x00000007bc400000, 0x00000007c0000000, 0x00000007c0000000)
  eden space 37376K, 0% used [0x00000007bc400000,0x00000007bc400000,0x00000007be880000)
  from space 10240K, 95% used [0x00000007be900000,0x00000007bf292da0,0x00000007bf300000)
  to   space 12288K, 0% used [0x00000007bf400000,0x00000007bf400000,0x00000007c0000000)
 ParOldGen       total 82944K, used 74741K [0x0000000700000000, 0x0000000705100000, 0x00000007bc400000)
  object space 82944K, 90% used [0x0000000700000000,0x00000007048fd4f0,0x0000000705100000)
 Metaspace       used 56257K, capacity 56609K, committed 57216K, reserved 1097728K
  class space    used 8104K, capacity 8195K, committed 8320K, reserved 1048576K
}
Event: 1749.726 GC heap before
{Heap before GC invocations=107 (full 5):
 PSYoungGen      total 47616K, used 47179K [0x00000007bc400000, 0x00000007c0000000, 0x00000007c0000000)
  eden space 37376K, 100% used [0x00000007bc400000,0x00000007be880000,0x00000007be880000)
  from space 10240K, 95% used [0x00000007be900000,0x00000007bf292da0,0x00000007bf300000)
  to   space 12288K, 0% used [0x00000007bf400000,0x00000007bf400000,0x00000007c0000000)
 ParOldGen       total 82944K, used 74741K [0x0000000700000000, 0x0000000705100000, 0x00000007bc400000)
  object space 82944K, 90% used [0x0000000700000000,0x00000007048fd4f0,0x0000000705100000)
 Metaspace       used 56420K, capacity 56737K, committed 57472K, reserved 1097728K
  class space    used 8114K, capacity 8195K, committed 8320K, reserved 1048576K
Event: 1749.739 GC heap after
Heap after GC invocations=107 (full 5):
 PSYoungGen      total 48128K, used 9661K [0x00000007bc400000, 0x00000007c0000000, 0x00000007c0000000)
  eden space 35840K, 0% used [0x00000007bc400000,0x00000007bc400000,0x00000007be700000)
  from space 12288K, 78% used [0x00000007bf400000,0x00000007bfd6f688,0x00000007c0000000)
  to   space 12800K, 0% used [0x00000007be700000,0x00000007be700000,0x00000007bf380000)
 ParOldGen       total 82944K, used 75146K [0x0000000700000000, 0x0000000705100000, 0x00000007bc400000)
  object space 82944K, 90% used [0x0000000700000000,0x0000000704962aa8,0x0000000705100000)
 Metaspace       used 56420K, capacity 56737K, committed 57472K, reserved 1097728K
  class space    used 8114K, capacity 8195K, committed 8320K, reserved 1048576K
}

