# JRE version: Java(TM) SE Runtime Environment (8.0_25-b18) (build 1.8.0_25-b18)
# Java VM: Java HotSpot(TM) 64-Bit Server VM (25.25-b02 mixed mode windows-amd64 compressed oops)
Heap:
 PSYoungGen      total 51200K, used 34564K [0x00000007bc400000, 0x00000007c0000000, 0x00000007c0000000)
  eden space 41472K, 66% used [0x00000007bc400000,0x00000007bdec5a40,0x00000007bec80000)
  from space 9728K, 73% used [0x00000007bec80000,0x00000007bf37b6d8,0x00000007bf600000)
  to   space 10240K, 0% used [0x00000007bf600000,0x00000007bf600000,0x00000007c0000000)
 ParOldGen       total 194048K, used 110658K [0x0000000700000000, 0x000000070bd80000, 0x00000007bc400000)
  object space 194048K, 57% used [0x0000000700000000,0x0000000706c10910,0x000000070bd80000)
 Metaspace       used 75194K, capacity 75511K, committed 76288K, reserved 1114112K
  class space    used 10795K, capacity 10886K, committed 11008K, reserved 1048576K
GC Heap History (10 events):
Event: 15031.078 GC heap before
{Heap before GC invocations=1393 (full 199):
 PSYoungGen      total 55296K, used 55268K [0x00000007bc400000, 0x00000007c0000000, 0x00000007c0000000)
  eden space 49664K, 100% used [0x00000007bc400000,0x00000007bf480000,0x00000007bf480000)
  from space 5632K, 99% used [0x00000007bf500000,0x00000007bfa79068,0x00000007bfa80000)
  to   space 5632K, 0% used [0x00000007bfa80000,0x00000007bfa80000,0x00000007c0000000)
 ParOldGen       total 194048K, used 107052K [0x0000000700000000, 0x000000070bd80000, 0x00000007bc400000)
  object space 194048K, 55% used [0x0000000700000000,0x000000070688b0f0,0x000000070bd80000)
 Metaspace       used 75172K, capacity 75479K, committed 76160K, reserved 1114112K
  class space    used 10791K, capacity 10854K, committed 10880K, reserved 1048576K
Event: 15031.100 GC heap after
Heap after GC invocations=1393 (full 199):
 PSYoungGen      total 47616K, used 5600K [0x00000007bc400000, 0x00000007c0000000, 0x00000007c0000000)
  eden space 41984K, 0% used [0x00000007bc400000,0x00000007bc400000,0x00000007bed00000)
  from space 5632K, 99% used [0x00000007bfa80000,0x00000007bfff8188,0x00000007c0000000)
  to   space 9728K, 0% used [0x00000007bed00000,0x00000007bed00000,0x00000007bf680000)
 ParOldGen       total 194048K, used 113204K [0x0000000700000000, 0x000000070bd80000, 0x00000007bc400000)
  object space 194048K, 58% used [0x0000000700000000,0x0000000706e8d0f0,0x000000070bd80000)
 Metaspace       used 75172K, capacity 75479K, committed 76160K, reserved 1114112K
  class space    used 10791K, capacity 10854K, committed 10880K, reserved 1048576K
}
Event: 15085.680 GC heap before
{Heap before GC invocations=1394 (full 199):
 PSYoungGen      total 47616K, used 17169K [0x00000007bc400000, 0x00000007c0000000, 0x00000007c0000000)
  eden space 41984K, 27% used [0x00000007bc400000,0x00000007bcf4c288,0x00000007bed00000)
  from space 5632K, 99% used [0x00000007bfa80000,0x00000007bfff8188,0x00000007c0000000)
  to   space 9728K, 0% used [0x00000007bed00000,0x00000007bed00000,0x00000007bf680000)
 ParOldGen       total 194048K, used 113204K [0x0000000700000000, 0x000000070bd80000, 0x00000007bc400000)
  object space 194048K, 58% used [0x0000000700000000,0x0000000706e8d0f0,0x000000070bd80000)
 Metaspace       used 75172K, capacity 75479K, committed 76160K, reserved 1114112K
  class space    used 10791K, capacity 10854K, committed 10880K, reserved 1048576K
Event: 15085.692 GC heap after
Heap after GC invocations=1394 (full 199):
 PSYoungGen      total 48128K, used 5773K [0x00000007bc400000, 0x00000007c0000000, 0x00000007c0000000)
  eden space 41984K, 0% used [0x00000007bc400000,0x00000007bc400000,0x00000007bed00000)
  from space 6144K, 93% used [0x00000007bed00000,0x00000007bf2a36d8,0x00000007bf300000)
  to   space 10240K, 0% used [0x00000007bf600000,0x00000007bf600000,0x00000007c0000000)
 ParOldGen       total 194048K, used 113724K [0x0000000700000000, 0x000000070bd80000, 0x00000007bc400000)
  object space 194048K, 58% used [0x0000000700000000,0x0000000706f0f0f0,0x000000070bd80000)
 Metaspace       used 75172K, capacity 75479K, committed 76160K, reserved 1114112K
  class space    used 10791K, capacity 10854K, committed 10880K, reserved 1048576K
}
Event: 15085.693 GC heap before
{Heap before GC invocations=1395 (full 200):
 PSYoungGen      total 48128K, used 5773K [0x00000007bc400000, 0x00000007c0000000, 0x00000007c0000000)
  eden space 41984K, 0% used [0x00000007bc400000,0x00000007bc400000,0x00000007bed00000)
  from space 6144K, 93% used [0x00000007bed00000,0x00000007bf2a36d8,0x00000007bf300000)
  to   space 10240K, 0% used [0x00000007bf600000,0x00000007bf600000,0x00000007c0000000)
 ParOldGen       total 194048K, used 113724K [0x0000000700000000, 0x000000070bd80000, 0x00000007bc400000)
  object space 194048K, 58% used [0x0000000700000000,0x0000000706f0f0f0,0x000000070bd80000)
 Metaspace       used 75172K, capacity 75479K, committed 76160K, reserved 1114112K
  class space    used 10791K, capacity 10854K, committed 10880K, reserved 1048576K
Event: 15086.124 GC heap after
Heap after GC invocations=1395 (full 200):
 PSYoungGen      total 48128K, used 0K [0x00000007bc400000, 0x00000007c0000000, 0x00000007c0000000)
  eden space 41984K, 0% used [0x00000007bc400000,0x00000007bc400000,0x00000007bed00000)
  from space 6144K, 0% used [0x00000007bed00000,0x00000007bed00000,0x00000007bf300000)
  to   space 10240K, 0% used [0x00000007bf600000,0x00000007bf600000,0x00000007c0000000)
 ParOldGen       total 194048K, used 110658K [0x0000000700000000, 0x000000070bd80000, 0x00000007bc400000)
  object space 194048K, 57% used [0x0000000700000000,0x0000000706c10910,0x000000070bd80000)
 Metaspace       used 75172K, capacity 75479K, committed 76160K, reserved 1114112K
  class space    used 10791K, capacity 10854K, committed 10880K, reserved 1048576K
}
Event: 15166.785 GC heap before
{Heap before GC invocations=1396 (full 200):
 PSYoungGen      total 48128K, used 41984K [0x00000007bc400000, 0x00000007c0000000, 0x00000007c0000000)
  eden space 41984K, 100% used [0x00000007bc400000,0x00000007bed00000,0x00000007bed00000)
  from space 6144K, 0% used [0x00000007bed00000,0x00000007bed00000,0x00000007bf300000)
  to   space 10240K, 0% used [0x00000007bf600000,0x00000007bf600000,0x00000007c0000000)
 ParOldGen       total 194048K, used 110658K [0x0000000700000000, 0x000000070bd80000, 0x00000007bc400000)
  object space 194048K, 57% used [0x0000000700000000,0x0000000706c10910,0x000000070bd80000)
 Metaspace       used 75173K, capacity 75479K, committed 76160K, reserved 1114112K
  class space    used 10791K, capacity 10854K, committed 10880K, reserved 1048576K
Event: 15166.798 GC heap after
Heap after GC invocations=1396 (full 200):
 PSYoungGen      total 51712K, used 3958K [0x00000007bc400000, 0x00000007c0000000, 0x00000007c0000000)
  eden space 41472K, 0% used [0x00000007bc400000,0x00000007bc400000,0x00000007bec80000)
  from space 10240K, 38% used [0x00000007bf600000,0x00000007bf9ddb18,0x00000007c0000000)
  to   space 9728K, 0% used [0x00000007bec80000,0x00000007bec80000,0x00000007bf600000)
 ParOldGen       total 194048K, used 110658K [0x0000000700000000, 0x000000070bd80000, 0x00000007bc400000)
  object space 194048K, 57% used [0x0000000700000000,0x0000000706c10910,0x000000070bd80000)
 Metaspace       used 75173K, capacity 75479K, committed 76160K, reserved 1114112K
  class space    used 10791K, capacity 10854K, committed 10880K, reserved 1048576K
}
Event: 15261.983 GC heap before
{Heap before GC invocations=1397 (full 200):
 PSYoungGen      total 51712K, used 45430K [0x00000007bc400000, 0x00000007c0000000, 0x00000007c0000000)
  eden space 41472K, 100% used [0x00000007bc400000,0x00000007bec80000,0x00000007bec80000)
  from space 10240K, 38% used [0x00000007bf600000,0x00000007bf9ddb18,0x00000007c0000000)
  to   space 9728K, 0% used [0x00000007bec80000,0x00000007bec80000,0x00000007bf600000)
 ParOldGen       total 194048K, used 110658K [0x0000000700000000, 0x000000070bd80000, 0x00000007bc400000)
  object space 194048K, 57% used [0x0000000700000000,0x0000000706c10910,0x000000070bd80000)
 Metaspace       used 75174K, capacity 75479K, committed 76160K, reserved 1114112K
  class space    used 10791K, capacity 10854K, committed 10880K, reserved 1048576K
Event: 15261.997 GC heap after
Heap after GC invocations=1397 (full 200):
 PSYoungGen      total 51200K, used 7149K [0x00000007bc400000, 0x00000007c0000000, 0x00000007c0000000)
  eden space 41472K, 0% used [0x00000007bc400000,0x00000007bc400000,0x00000007bec80000)
  from space 9728K, 73% used [0x00000007bec80000,0x00000007bf37b6d8,0x00000007bf600000)
  to   space 10240K, 0% used [0x00000007bf600000,0x00000007bf600000,0x00000007c0000000)
 ParOldGen       total 194048K, used 110658K [0x0000000700000000, 0x000000070bd80000, 0x00000007bc400000)
  object space 194048K, 57% used [0x0000000700000000,0x0000000706c10910,0x000000070bd80000)
 Metaspace       used 75174K, capacity 75479K, committed 76160K, reserved 1114112K
  class space    used 10791K, capacity 10854K, committed 10880K, reserved 1048576K
}

