# JRE version: Java(TM) SE Runtime Environment (8.0_25-b18) (build 1.8.0_25-b18)
# Java VM: Java HotSpot(TM) 64-Bit Server VM (25.25-b02 mixed mode windows-amd64 compressed oops)
Heap:
 PSYoungGen      total 58368K, used 4104K [0x00000007bc400000, 0x00000007c0000000, 0x00000007c0000000)
  eden space 55296K, 1% used [0x00000007bc400000,0x00000007bc50a838,0x00000007bfa00000)
  from space 3072K, 98% used [0x00000007bfa00000,0x00000007bfcf7838,0x00000007bfd00000)
  to   space 3072K, 0% used [0x00000007bfd00000,0x00000007bfd00000,0x00000007c0000000)
 ParOldGen       total 295424K, used 98322K [0x0000000700000000, 0x0000000712080000, 0x00000007bc400000)
  object space 295424K, 33% used [0x0000000700000000,0x0000000706004be0,0x0000000712080000)
 Metaspace       used 81967K, capacity 82321K, committed 83072K, reserved 1120256K
  class space    used 12023K, capacity 12107K, committed 12160K, reserved 1048576K
GC Heap History (10 events):
Event: 173114.331 GC heap before
{Heap before GC invocations=5155 (full 312):
 PSYoungGen      total 58368K, used 56859K [0x00000007bc400000, 0x00000007c0000000, 0x00000007c0000000)
  eden space 54784K, 100% used [0x00000007bc400000,0x00000007bf980000,0x00000007bf980000)
  from space 3584K, 57% used [0x00000007bfc80000,0x00000007bfe86c80,0x00000007c0000000)
  to   space 3072K, 0% used [0x00000007bf980000,0x00000007bf980000,0x00000007bfc80000)
 ParOldGen       total 295424K, used 97811K [0x0000000700000000, 0x0000000712080000, 0x00000007bc400000)
  object space 295424K, 33% used [0x0000000700000000,0x0000000705f84ea0,0x0000000712080000)
 Metaspace       used 81959K, capacity 82321K, committed 83072K, reserved 1120256K
  class space    used 12022K, capacity 12107K, committed 12160K, reserved 1048576K
Event: 173114.333 GC heap after
Heap after GC invocations=5155 (full 312):
 PSYoungGen      total 57856K, used 2151K [0x00000007bc400000, 0x00000007c0000000, 0x00000007c0000000)
  eden space 54784K, 0% used [0x00000007bc400000,0x00000007bc400000,0x00000007bf980000)
  from space 3072K, 70% used [0x00000007bf980000,0x00000007bfb99c08,0x00000007bfc80000)
  to   space 3072K, 0% used [0x00000007bfd00000,0x00000007bfd00000,0x00000007c0000000)
 ParOldGen       total 295424K, used 97811K [0x0000000700000000, 0x0000000712080000, 0x00000007bc400000)
  object space 295424K, 33% used [0x0000000700000000,0x0000000705f84ea0,0x0000000712080000)
 Metaspace       used 81959K, capacity 82321K, committed 83072K, reserved 1120256K
  class space    used 12022K, capacity 12107K, committed 12160K, reserved 1048576K
}
Event: 173115.422 GC heap before
{Heap before GC invocations=5156 (full 312):
 PSYoungGen      total 57856K, used 56935K [0x00000007bc400000, 0x00000007c0000000, 0x00000007c0000000)
  eden space 54784K, 100% used [0x00000007bc400000,0x00000007bf980000,0x00000007bf980000)
  from space 3072K, 70% used [0x00000007bf980000,0x00000007bfb99c08,0x00000007bfc80000)
  to   space 3072K, 0% used [0x00000007bfd00000,0x00000007bfd00000,0x00000007c0000000)
 ParOldGen       total 295424K, used 97811K [0x0000000700000000, 0x0000000712080000, 0x00000007bc400000)
  object space 295424K, 33% used [0x0000000700000000,0x0000000705f84ea0,0x0000000712080000)
 Metaspace       used 81959K, capacity 82321K, committed 83072K, reserved 1120256K
  class space    used 12022K, capacity 12107K, committed 12160K, reserved 1048576K
Event: 173115.425 GC heap after
Heap after GC invocations=5156 (full 312):
 PSYoungGen      total 58368K, used 2031K [0x00000007bc400000, 0x00000007c0000000, 0x00000007c0000000)
  eden space 55296K, 0% used [0x00000007bc400000,0x00000007bc400000,0x00000007bfa00000)
  from space 3072K, 66% used [0x00000007bfd00000,0x00000007bfefbf70,0x00000007c0000000)
  to   space 3072K, 0% used [0x00000007bfa00000,0x00000007bfa00000,0x00000007bfd00000)
 ParOldGen       total 295424K, used 97811K [0x0000000700000000, 0x0000000712080000, 0x00000007bc400000)
  object space 295424K, 33% used [0x0000000700000000,0x0000000705f84ea0,0x0000000712080000)
 Metaspace       used 81959K, capacity 82321K, committed 83072K, reserved 1120256K
  class space    used 12022K, capacity 12107K, committed 12160K, reserved 1048576K
}
Event: 173116.669 GC heap before
{Heap before GC invocations=5157 (full 312):
 PSYoungGen      total 58368K, used 57327K [0x00000007bc400000, 0x00000007c0000000, 0x00000007c0000000)
  eden space 55296K, 100% used [0x00000007bc400000,0x00000007bfa00000,0x00000007bfa00000)
  from space 3072K, 66% used [0x00000007bfd00000,0x00000007bfefbf70,0x00000007c0000000)
  to   space 3072K, 0% used [0x00000007bfa00000,0x00000007bfa00000,0x00000007bfd00000)
 ParOldGen       total 295424K, used 97811K [0x0000000700000000, 0x0000000712080000, 0x00000007bc400000)
  object space 295424K, 33% used [0x0000000700000000,0x0000000705f84ea0,0x0000000712080000)
 Metaspace       used 81959K, capacity 82321K, committed 83072K, reserved 1120256K
  class space    used 12022K, capacity 12107K, committed 12160K, reserved 1048576K
Event: 173116.672 GC heap after
Heap after GC invocations=5157 (full 312):
 PSYoungGen      total 58368K, used 2186K [0x00000007bc400000, 0x00000007c0000000, 0x00000007c0000000)
  eden space 55296K, 0% used [0x00000007bc400000,0x00000007bc400000,0x00000007bfa00000)
  from space 3072K, 71% used [0x00000007bfa00000,0x00000007bfc22b08,0x00000007bfd00000)
  to   space 3072K, 0% used [0x00000007bfd00000,0x00000007bfd00000,0x00000007c0000000)
 ParOldGen       total 295424K, used 97811K [0x0000000700000000, 0x0000000712080000, 0x00000007bc400000)
  object space 295424K, 33% used [0x0000000700000000,0x0000000705f84ea0,0x0000000712080000)
 Metaspace       used 81959K, capacity 82321K, committed 83072K, reserved 1120256K
  class space    used 12022K, capacity 12107K, committed 12160K, reserved 1048576K
}
Event: 173117.868 GC heap before
{Heap before GC invocations=5158 (full 312):
 PSYoungGen      total 58368K, used 57482K [0x00000007bc400000, 0x00000007c0000000, 0x00000007c0000000)
  eden space 55296K, 100% used [0x00000007bc400000,0x00000007bfa00000,0x00000007bfa00000)
  from space 3072K, 71% used [0x00000007bfa00000,0x00000007bfc22b08,0x00000007bfd00000)
  to   space 3072K, 0% used [0x00000007bfd00000,0x00000007bfd00000,0x00000007c0000000)
 ParOldGen       total 295424K, used 97811K [0x0000000700000000, 0x0000000712080000, 0x00000007bc400000)
  object space 295424K, 33% used [0x0000000700000000,0x0000000705f84ea0,0x0000000712080000)
 Metaspace       used 81959K, capacity 82321K, committed 83072K, reserved 1120256K
  class space    used 12022K, capacity 12107K, committed 12160K, reserved 1048576K
Event: 173117.871 GC heap after
Heap after GC invocations=5158 (full 312):
 PSYoungGen      total 58368K, used 2399K [0x00000007bc400000, 0x00000007c0000000, 0x00000007c0000000)
  eden space 55296K, 0% used [0x00000007bc400000,0x00000007bc400000,0x00000007bfa00000)
  from space 3072K, 78% used [0x00000007bfd00000,0x00000007bff57fc0,0x00000007c0000000)
  to   space 3072K, 0% used [0x00000007bfa00000,0x00000007bfa00000,0x00000007bfd00000)
 ParOldGen       total 295424K, used 98306K [0x0000000700000000, 0x0000000712080000, 0x00000007bc400000)
  object space 295424K, 33% used [0x0000000700000000,0x0000000706000be0,0x0000000712080000)
 Metaspace       used 81959K, capacity 82321K, committed 83072K, reserved 1120256K
  class space    used 12022K, capacity 12107K, committed 12160K, reserved 1048576K
}
Event: 173134.009 GC heap before
{Heap before GC invocations=5159 (full 312):
 PSYoungGen      total 58368K, used 57695K [0x00000007bc400000, 0x00000007c0000000, 0x00000007c0000000)
  eden space 55296K, 100% used [0x00000007bc400000,0x00000007bfa00000,0x00000007bfa00000)
  from space 3072K, 78% used [0x00000007bfd00000,0x00000007bff57fc0,0x00000007c0000000)
  to   space 3072K, 0% used [0x00000007bfa00000,0x00000007bfa00000,0x00000007bfd00000)
 ParOldGen       total 295424K, used 98306K [0x0000000700000000, 0x0000000712080000, 0x00000007bc400000)
  object space 295424K, 33% used [0x0000000700000000,0x0000000706000be0,0x0000000712080000)
 Metaspace       used 81967K, capacity 82321K, committed 83072K, reserved 1120256K
  class space    used 12023K, capacity 12107K, committed 12160K, reserved 1048576K
Event: 173134.012 GC heap after
Heap after GC invocations=5159 (full 312):
 PSYoungGen      total 58368K, used 3038K [0x00000007bc400000, 0x00000007c0000000, 0x00000007c0000000)
  eden space 55296K, 0% used [0x00000007bc400000,0x00000007bc400000,0x00000007bfa00000)
  from space 3072K, 98% used [0x00000007bfa00000,0x00000007bfcf7838,0x00000007bfd00000)
  to   space 3072K, 0% used [0x00000007bfd00000,0x00000007bfd00000,0x00000007c0000000)
 ParOldGen       total 295424K, used 98322K [0x0000000700000000, 0x0000000712080000, 0x00000007bc400000)
  object space 295424K, 33% used [0x0000000700000000,0x0000000706004be0,0x0000000712080000)
 Metaspace       used 81967K, capacity 82321K, committed 83072K, reserved 1120256K
  class space    used 12023K, capacity 12107K, committed 12160K, reserved 1048576K
}

