# JRE version: Java(TM) SE Runtime Environment (8.0_25-b18) (build 1.8.0_25-b18)
# Java VM: Java HotSpot(TM) 64-Bit Server VM (25.25-b02 mixed mode windows-amd64 compressed oops)
Heap:
 PSYoungGen      total 54784K, used 25168K [0x00000007bc400000, 0x00000007c0000000, 0x00000007c0000000)
  eden space 48128K, 47% used [0x00000007bc400000,0x00000007bda68fc8,0x00000007bf300000)
  from space 6656K, 33% used [0x00000007bf300000,0x00000007bf52b100,0x00000007bf980000)
  to   space 6144K, 0% used [0x00000007bfa00000,0x00000007bfa00000,0x00000007c0000000)
 ParOldGen       total 193536K, used 47664K [0x0000000700000000, 0x000000070bd00000, 0x00000007bc400000)
  object space 193536K, 24% used [0x0000000700000000,0x0000000702e8c3d0,0x000000070bd00000)
 Metaspace       used 55037K, capacity 55403K, committed 55936K, reserved 1097728K
  class space    used 7713K, capacity 7794K, committed 7808K, reserved 1048576K
GC Heap History (10 events):
Event: 272556.502 GC heap before
{Heap before GC invocations=2709 (full 159):
 PSYoungGen      total 53760K, used 49088K [0x00000007bc400000, 0x00000007c0000000, 0x00000007c0000000)
  eden space 46080K, 100% used [0x00000007bc400000,0x00000007bf100000,0x00000007bf100000)
  from space 7680K, 39% used [0x00000007bf100000,0x00000007bf3f0000,0x00000007bf880000)
  to   space 7168K, 0% used [0x00000007bf900000,0x00000007bf900000,0x00000007c0000000)
 ParOldGen       total 193536K, used 48140K [0x0000000700000000, 0x000000070bd00000, 0x00000007bc400000)
  object space 193536K, 24% used [0x0000000700000000,0x0000000702f033a8,0x000000070bd00000)
 Metaspace       used 54922K, capacity 55269K, committed 55680K, reserved 1097728K
  class space    used 7706K, capacity 7793K, committed 7808K, reserved 1048576K
Event: 272556.528 GC heap after
Heap after GC invocations=2709 (full 159):
 PSYoungGen      total 54784K, used 3072K [0x00000007bc400000, 0x00000007c0000000, 0x00000007c0000000)
  eden space 47616K, 0% used [0x00000007bc400000,0x00000007bc400000,0x00000007bf280000)
  from space 7168K, 42% used [0x00000007bf900000,0x00000007bfc00000,0x00000007c0000000)
  to   space 6656K, 0% used [0x00000007bf280000,0x00000007bf280000,0x00000007bf900000)
 ParOldGen       total 193536K, used 48140K [0x0000000700000000, 0x000000070bd00000, 0x00000007bc400000)
  object space 193536K, 24% used [0x0000000700000000,0x0000000702f033a8,0x000000070bd00000)
 Metaspace       used 54922K, capacity 55269K, committed 55680K, reserved 1097728K
  class space    used 7706K, capacity 7793K, committed 7808K, reserved 1048576K
}
Event: 273089.409 GC heap before
{Heap before GC invocations=2710 (full 159):
 PSYoungGen      total 54784K, used 50688K [0x00000007bc400000, 0x00000007c0000000, 0x00000007c0000000)
  eden space 47616K, 100% used [0x00000007bc400000,0x00000007bf280000,0x00000007bf280000)
  from space 7168K, 42% used [0x00000007bf900000,0x00000007bfc00000,0x00000007c0000000)
  to   space 6656K, 0% used [0x00000007bf280000,0x00000007bf280000,0x00000007bf900000)
 ParOldGen       total 193536K, used 48140K [0x0000000700000000, 0x000000070bd00000, 0x00000007bc400000)
  object space 193536K, 24% used [0x0000000700000000,0x0000000702f033a8,0x000000070bd00000)
 Metaspace       used 54922K, capacity 55269K, committed 55680K, reserved 1097728K
  class space    used 7706K, capacity 7793K, committed 7808K, reserved 1048576K
Event: 273089.417 GC heap after
Heap after GC invocations=2710 (full 159):
 PSYoungGen      total 54272K, used 3104K [0x00000007bc400000, 0x00000007c0000000, 0x00000007c0000000)
  eden space 47616K, 0% used [0x00000007bc400000,0x00000007bc400000,0x00000007bf280000)
  from space 6656K, 46% used [0x00000007bf280000,0x00000007bf588000,0x00000007bf900000)
  to   space 6656K, 0% used [0x00000007bf980000,0x00000007bf980000,0x00000007c0000000)
 ParOldGen       total 193536K, used 48140K [0x0000000700000000, 0x000000070bd00000, 0x00000007bc400000)
  object space 193536K, 24% used [0x0000000700000000,0x0000000702f033a8,0x000000070bd00000)
 Metaspace       used 54922K, capacity 55269K, committed 55680K, reserved 1097728K
  class space    used 7706K, capacity 7793K, committed 7808K, reserved 1048576K
}
Event: 273314.812 GC heap before
{Heap before GC invocations=2711 (full 159):
 PSYoungGen      total 54272K, used 33129K [0x00000007bc400000, 0x00000007c0000000, 0x00000007c0000000)
  eden space 47616K, 63% used [0x00000007bc400000,0x00000007be152608,0x00000007bf280000)
  from space 6656K, 46% used [0x00000007bf280000,0x00000007bf588000,0x00000007bf900000)
  to   space 6656K, 0% used [0x00000007bf980000,0x00000007bf980000,0x00000007c0000000)
 ParOldGen       total 193536K, used 48140K [0x0000000700000000, 0x000000070bd00000, 0x00000007bc400000)
  object space 193536K, 24% used [0x0000000700000000,0x0000000702f033a8,0x000000070bd00000)
 Metaspace       used 54934K, capacity 55269K, committed 55680K, reserved 1097728K
  class space    used 7706K, capacity 7793K, committed 7808K, reserved 1048576K
Event: 273314.827 GC heap after
Heap after GC invocations=2711 (full 159):
 PSYoungGen      total 54784K, used 2019K [0x00000007bc400000, 0x00000007c0000000, 0x00000007c0000000)
  eden space 48128K, 0% used [0x00000007bc400000,0x00000007bc400000,0x00000007bf300000)
  from space 6656K, 30% used [0x00000007bf980000,0x00000007bfb78c70,0x00000007c0000000)
  to   space 6656K, 0% used [0x00000007bf300000,0x00000007bf300000,0x00000007bf980000)
 ParOldGen       total 193536K, used 48140K [0x0000000700000000, 0x000000070bd00000, 0x00000007bc400000)
  object space 193536K, 24% used [0x0000000700000000,0x0000000702f033a8,0x000000070bd00000)
 Metaspace       used 54934K, capacity 55269K, committed 55680K, reserved 1097728K
  class space    used 7706K, capacity 7793K, committed 7808K, reserved 1048576K
}
Event: 273314.827 GC heap before
{Heap before GC invocations=2712 (full 160):
 PSYoungGen      total 54784K, used 2019K [0x00000007bc400000, 0x00000007c0000000, 0x00000007c0000000)
  eden space 48128K, 0% used [0x00000007bc400000,0x00000007bc400000,0x00000007bf300000)
  from space 6656K, 30% used [0x00000007bf980000,0x00000007bfb78c70,0x00000007c0000000)
  to   space 6656K, 0% used [0x00000007bf300000,0x00000007bf300000,0x00000007bf980000)
 ParOldGen       total 193536K, used 48140K [0x0000000700000000, 0x000000070bd00000, 0x00000007bc400000)
  object space 193536K, 24% used [0x0000000700000000,0x0000000702f033a8,0x000000070bd00000)
 Metaspace       used 54934K, capacity 55269K, committed 55680K, reserved 1097728K
  class space    used 7706K, capacity 7793K, committed 7808K, reserved 1048576K
Event: 273315.049 GC heap after
Heap after GC invocations=2712 (full 160):
 PSYoungGen      total 54784K, used 0K [0x00000007bc400000, 0x00000007c0000000, 0x00000007c0000000)
  eden space 48128K, 0% used [0x00000007bc400000,0x00000007bc400000,0x00000007bf300000)
  from space 6656K, 0% used [0x00000007bf980000,0x00000007bf980000,0x00000007c0000000)
  to   space 6656K, 0% used [0x00000007bf300000,0x00000007bf300000,0x00000007bf980000)
 ParOldGen       total 193536K, used 47656K [0x0000000700000000, 0x000000070bd00000, 0x00000007bc400000)
  object space 193536K, 24% used [0x0000000700000000,0x0000000702e8a3d0,0x000000070bd00000)
 Metaspace       used 54934K, capacity 55269K, committed 55680K, reserved 1097728K
  class space    used 7706K, capacity 7793K, committed 7808K, reserved 1048576K
}
Event: 273435.558 GC heap before
{Heap before GC invocations=2713 (full 160):
 PSYoungGen      total 54784K, used 48128K [0x00000007bc400000, 0x00000007c0000000, 0x00000007c0000000)
  eden space 48128K, 100% used [0x00000007bc400000,0x00000007bf300000,0x00000007bf300000)
  from space 6656K, 0% used [0x00000007bf980000,0x00000007bf980000,0x00000007c0000000)
  to   space 6656K, 0% used [0x00000007bf300000,0x00000007bf300000,0x00000007bf980000)
 ParOldGen       total 193536K, used 47656K [0x0000000700000000, 0x000000070bd00000, 0x00000007bc400000)
  object space 193536K, 24% used [0x0000000700000000,0x0000000702e8a3d0,0x000000070bd00000)
 Metaspace       used 54998K, capacity 55333K, committed 55936K, reserved 1097728K
  class space    used 7713K, capacity 7793K, committed 7808K, reserved 1048576K
Event: 273435.567 GC heap after
Heap after GC invocations=2713 (full 160):
 PSYoungGen      total 54784K, used 2220K [0x00000007bc400000, 0x00000007c0000000, 0x00000007c0000000)
  eden space 48128K, 0% used [0x00000007bc400000,0x00000007bc400000,0x00000007bf300000)
  from space 6656K, 33% used [0x00000007bf300000,0x00000007bf52b100,0x00000007bf980000)
  to   space 6144K, 0% used [0x00000007bfa00000,0x00000007bfa00000,0x00000007c0000000)
 ParOldGen       total 193536K, used 47664K [0x0000000700000000, 0x000000070bd00000, 0x00000007bc400000)
  object space 193536K, 24% used [0x0000000700000000,0x0000000702e8c3d0,0x000000070bd00000)
 Metaspace       used 54998K, capacity 55333K, committed 55936K, reserved 1097728K
  class space    used 7713K, capacity 7793K, committed 7808K, reserved 1048576K
}

